05:15:52 PM: WARNING [Instrumentos.py:86] Orquesta creada correctamente
05:15:52 PM: WARNING [Instrumentos.py:26] guitarra1 ha sido afinado correctamente 
05:15:52 PM: ERROR [Instrumentos.py:98] guitarra_electrica1 mal afinado
05:15:52 PM: WARNING [Instrumentos.py:26] piano1 ha sido afinado correctamente 
05:15:52 PM: WARNING [Instrumentos.py:26] tambor1 ha sido afinado correctamente 
05:17:31 PM: WARNING [Instrumentos.py:86] Orquesta creada correctamente
05:17:42 PM: WARNING [Instrumentos.py:86] Orquesta creada correctamente
05:17:42 PM: WARNING [Instrumentos.py:26] guitarra1 ha sido afinado correctamente 
05:17:42 PM: ERROR [Instrumentos.py:99] guitarra_electrica1 mal afinado
05:17:42 PM: ERROR [Instrumentos.py:99] guitarra_electrica1 mal afinado
05:17:42 PM: WARNING [Instrumentos.py:26] guitarra_electrica1 ha sido afinado correctamente 
05:17:42 PM: WARNING [Instrumentos.py:26] piano1 ha sido afinado correctamente 
05:17:42 PM: ERROR [Instrumentos.py:99] Instrumento mal afinado
05:17:42 PM: WARNING [Instrumentos.py:26] tambor1 ha sido afinado correctamente 
05:17:45 PM: WARNING [Instrumentos.py:86] Orquesta creada correctamente
05:17:45 PM: WARNING [Instrumentos.py:26] guitarra1 ha sido afinado correctamente 
05:17:45 PM: ERROR [Instrumentos.py:99] guitarra_electrica1 mal afinado
05:17:45 PM: WARNING [Instrumentos.py:26] guitarra_electrica1 ha sido afinado correctamente 
05:17:45 PM: ERROR [Instrumentos.py:99] piano1 mal afinado
05:17:45 PM: WARNING [Instrumentos.py:26] piano1 ha sido afinado correctamente 
05:17:45 PM: WARNING [Instrumentos.py:26] tambor1 ha sido afinado correctamente 
05:17:47 PM: WARNING [Instrumentos.py:86] Orquesta creada correctamente
05:17:47 PM: ERROR [Instrumentos.py:99] guitarra1 mal afinado
05:17:47 PM: WARNING [Instrumentos.py:26] guitarra1 ha sido afinado correctamente 
05:17:47 PM: WARNING [Instrumentos.py:26] guitarra_electrica1 ha sido afinado correctamente 
05:17:47 PM: ERROR [Instrumentos.py:99] piano1 mal afinado
05:17:47 PM: ERROR [Instrumentos.py:99] piano1 mal afinado
05:17:47 PM: ERROR [Instrumentos.py:99] piano1 mal afinado
05:17:47 PM: ERROR [Instrumentos.py:99] piano1 mal afinado
05:17:47 PM: ERROR [Instrumentos.py:99] piano1 mal afinado
05:17:47 PM: WARNING [Instrumentos.py:26] piano1 ha sido afinado correctamente 
05:17:47 PM: ERROR [Instrumentos.py:99] Instrumento mal afinado
05:17:47 PM: WARNING [Instrumentos.py:26] tambor1 ha sido afinado correctamente 
05:18:45 PM: WARNING [Instrumentos.py:86] Orquesta creada correctamente
05:18:45 PM: WARNING [Instrumentos.py:26] guitarra1 ha sido afinado correctamente 
05:18:45 PM: WARNING [Instrumentos.py:26] guitarra_electrica1 ha sido afinado correctamente 
05:18:45 PM: WARNING [Instrumentos.py:26] piano1 ha sido afinado correctamente 
05:18:45 PM: WARNING [Instrumentos.py:26] tambor1 ha sido afinado correctamente 
05:21:11 PM: WARNING [Instrumentos.py:86] Orquesta creada correctamente
05:21:11 PM: WARNING [Instrumentos.py:26] guitarra1 ha sido afinado correctamente 
05:21:11 PM: WARNING [Instrumentos.py:26] guitarra1 ha sido afinado correctamente 
05:21:11 PM: WARNING [Instrumentos.py:26] guitarra_electrica1 ha sido afinado correctamente 
05:21:11 PM: WARNING [Instrumentos.py:26] piano1 ha sido afinado correctamente 
05:21:11 PM: WARNING [Instrumentos.py:26] tambor1 ha sido afinado correctamente 
05:21:11 PM: WARNING [Instrumentos.py:26] tambor1 ha sido afinado correctamente 
05:21:28 PM: WARNING [Instrumentos.py:86] Orquesta creada correctamente
05:21:28 PM: WARNING [Instrumentos.py:26] guitarra1 ha sido afinado correctamente 
05:21:28 PM: WARNING [Instrumentos.py:26] guitarra_electrica1 ha sido afinado correctamente 
05:21:28 PM: WARNING [Instrumentos.py:26] piano1 ha sido afinado correctamente 
05:21:28 PM: WARNING [Instrumentos.py:26] tambor1 ha sido afinado correctamente 
05:21:31 PM: WARNING [Instrumentos.py:86] Orquesta creada correctamente
05:21:31 PM: WARNING [Instrumentos.py:26] guitarra1 ha sido afinado correctamente 
05:21:31 PM: WARNING [Instrumentos.py:26] guitarra_electrica1 ha sido afinado correctamente 
05:21:31 PM: WARNING [Instrumentos.py:26] piano1 ha sido afinado correctamente 
05:21:31 PM: WARNING [Instrumentos.py:26] tambor1 ha sido afinado correctamente 
05:21:42 PM: WARNING [Instrumentos.py:86] Orquesta creada correctamente
05:21:42 PM: WARNING [Instrumentos.py:26] guitarra1 ha sido afinado correctamente 
05:21:42 PM: WARNING [Instrumentos.py:26] guitarra_electrica1 ha sido afinado correctamente 
05:21:42 PM: WARNING [Instrumentos.py:26] piano1 ha sido afinado correctamente 
05:21:42 PM: WARNING [Instrumentos.py:26] tambor1 ha sido afinado correctamente 
05:21:45 PM: WARNING [Instrumentos.py:86] Orquesta creada correctamente
05:21:45 PM: WARNING [Instrumentos.py:26] guitarra1 ha sido afinado correctamente 
05:21:45 PM: WARNING [Instrumentos.py:26] guitarra_electrica1 ha sido afinado correctamente 
05:21:45 PM: WARNING [Instrumentos.py:26] piano1 ha sido afinado correctamente 
05:21:45 PM: WARNING [Instrumentos.py:26] tambor1 ha sido afinado correctamente 
05:21:57 PM: WARNING [Instrumentos.py:86] Orquesta creada correctamente
05:21:57 PM: WARNING [Instrumentos.py:26] guitarra1 ha sido afinado correctamente 
05:21:57 PM: WARNING [Instrumentos.py:26] guitarra_electrica1 ha sido afinado correctamente 
05:21:57 PM: WARNING [Instrumentos.py:26] piano1 ha sido afinado correctamente 
05:21:57 PM: WARNING [Instrumentos.py:26] tambor1 ha sido afinado correctamente 
05:23:12 PM: WARNING [Instrumentos.py:86] Orquesta creada correctamente
05:23:12 PM: ERROR [Instrumentos.py:98] Instrumento mal afinado
05:23:15 PM: WARNING [Instrumentos.py:86] Orquesta creada correctamente
05:23:15 PM: WARNING [Instrumentos.py:26] guitarra1 ha sido afinado correctamente 
05:23:15 PM: ERROR [Instrumentos.py:98] Instrumento mal afinado
05:23:19 PM: WARNING [Instrumentos.py:86] Orquesta creada correctamente
05:23:19 PM: WARNING [Instrumentos.py:26] guitarra_electrica1 ha sido afinado correctamente 
05:23:19 PM: WARNING [Instrumentos.py:26] piano1 ha sido afinado correctamente 
05:23:19 PM: ERROR [Instrumentos.py:98] Instrumento mal afinado
05:25:47 PM: WARNING [Instrumentos.py:86] Orquesta creada correctamente
05:25:51 PM: WARNING [Instrumentos.py:86] Orquesta creada correctamente
05:25:51 PM: ERROR [Instrumentos.py:98] tambor1 mal afinado
05:26:45 PM: WARNING [Instrumentos.py:86] Orquesta creada correctamente
05:26:49 PM: WARNING [Instrumentos.py:86] Orquesta creada correctamente
05:26:49 PM: ERROR [Instrumentos.py:98] tambor1 mal afinado
05:27:13 PM: WARNING [Instrumentos.py:86] Orquesta creada correctamente
05:27:13 PM: WARNING [Instrumentos.py:26] piano1 ha sido afinado correctamente 
05:27:13 PM: WARNING [Instrumentos.py:26] tambor1 ha sido afinado correctamente 
05:27:42 PM: WARNING [Instrumentos.py:86] Orquesta creada correctamente
05:27:42 PM: ERROR [Instrumentos.py:98] guitarra1 mal afinado
05:27:42 PM: WARNING [Instrumentos.py:26] guitarra_electrica1 ha sido afinado correctamente 
05:27:42 PM: WARNING [Instrumentos.py:26] piano1 ha sido afinado correctamente 
05:27:42 PM: ERROR [Instrumentos.py:98] Instrumento mal afinado
05:27:45 PM: WARNING [Instrumentos.py:86] Orquesta creada correctamente
05:27:45 PM: WARNING [Instrumentos.py:26] guitarra1 ha sido afinado correctamente 
05:27:45 PM: ERROR [Instrumentos.py:98] guitarra_electrica1 mal afinado
05:27:45 PM: WARNING [Instrumentos.py:26] piano1 ha sido afinado correctamente 
05:27:45 PM: ERROR [Instrumentos.py:98] Instrumento mal afinado
05:28:39 PM: WARNING [Instrumentos.py:86] Orquesta creada correctamente
05:28:39 PM: WARNING [Instrumentos.py:26] guitarra1 ha sido afinado correctamente 
05:28:39 PM: ERROR [Instrumentos.py:98] guitarra_electrica1 mal afinado
05:28:39 PM: WARNING [Instrumentos.py:26] piano1 ha sido afinado correctamente 
05:28:39 PM: ERROR [Instrumentos.py:98] tambor1 mal afinado
05:28:59 PM: WARNING [Instrumentos.py:85] Orquesta creada correctamente
05:28:59 PM: ERROR [Instrumentos.py:97] piano1 mal afinado
05:28:59 PM: ERROR [Instrumentos.py:97] tambor1 mal afinado
08:09:17 AM: WARNING [Instrumentos.py:85] Orquesta creada correctamente
08:17:21 AM: WARNING [Instrumentos.py:85] Orquesta creada correctamente
08:17:21 AM: ERROR [Instrumentos.py:97] guitarra1 mal afinado
08:17:21 AM: ERROR [Instrumentos.py:97] guitarra_electrica1 mal afinado
08:17:21 AM: ERROR [Instrumentos.py:97] piano1 mal afinado
08:17:21 AM: ERROR [Instrumentos.py:97] tambor1 mal afinado
08:17:28 AM: WARNING [Instrumentos.py:85] Orquesta creada correctamente
08:17:28 AM: ERROR [Instrumentos.py:97] guitarra1 mal afinado
08:17:28 AM: ERROR [Instrumentos.py:97] guitarra_electrica1 mal afinado
08:17:28 AM: ERROR [Instrumentos.py:97] piano1 mal afinado
08:34:36 AM: WARNING [Instrumentos.py:83] Orquesta creada correctamente
08:34:36 AM: ERROR [Instrumentos.py:95] guitarra_electrica1 mal afinado
08:34:39 AM: WARNING [Instrumentos.py:83] Orquesta creada correctamente
08:34:39 AM: ERROR [Instrumentos.py:95] guitarra1 mal afinado
08:34:39 AM: ERROR [Instrumentos.py:95] piano1 mal afinado
08:34:39 AM: ERROR [Instrumentos.py:95] tambor1 mal afinado
08:34:41 AM: WARNING [Instrumentos.py:83] Orquesta creada correctamente
08:34:41 AM: ERROR [Instrumentos.py:95] guitarra_electrica1 mal afinado
08:34:41 AM: ERROR [Instrumentos.py:95] piano1 mal afinado
